<?xml version="1.0" encoding="UTF-8"?>
<!-- Generated by org.testng.reporters.JUnitXMLReporter -->
<testsuite hostname="SCI-DT-70" name="Default test" tests="1" failures="0" timestamp="22 Dec 2014 12:19:47 GMT" time="0.038" errors="0">
  <testcase name="@BeforeSuite ClearExistingAndSetupFolder" time="0.0" classname="Test.CheckoutTest">
    <failure type="org.testng.TestNGException" message="
Parameter &amp;apos;requestId&amp;apos; is required by @Configuration on method ClearExistingAndSetupFolder but has not been marked @Optional or defined
in C:\Users\raghavendras\AppData\Local\Temp\testng-eclipse--180476053\testng-customsuite.xml">
      <![CDATA[org.testng.TestNGException: 
Parameter 'requestId' is required by @Configuration on method ClearExistingAndSetupFolder but has not been marked @Optional or defined
in C:\Users\raghavendras\AppData\Local\Temp\testng-eclipse--180476053\testng-customsuite.xml
	at org.testng.internal.Parameters.createParameters(Parameters.java:155)
	at org.testng.internal.Parameters.createParameters(Parameters.java:358)
	at org.testng.internal.Parameters.createConfigurationParameters(Parameters.java:86)
	at org.testng.internal.Invoker.invokeConfigurations(Invoker.java:199)
	at org.testng.internal.Invoker.invokeConfigurations(Invoker.java:138)
	at org.testng.SuiteRunner.privateRun(SuiteRunner.java:277)
	at org.testng.SuiteRunner.run(SuiteRunner.java:240)
	at org.testng.SuiteRunnerWorker.runSuite(SuiteRunnerWorker.java:52)
	at org.testng.SuiteRunnerWorker.run(SuiteRunnerWorker.java:86)
	at org.testng.TestNG.runSuitesSequentially(TestNG.java:1224)
	at org.testng.TestNG.runSuitesLocally(TestNG.java:1149)
	at org.testng.TestNG.run(TestNG.java:1057)
	at org.testng.remote.RemoteTestNG.run(RemoteTestNG.java:111)
	at org.testng.remote.RemoteTestNG.initAndRun(RemoteTestNG.java:204)
	at org.testng.remote.RemoteTestNG.main(RemoteTestNG.java:175)
]]>
    </failure>
  </testcase> <!-- @BeforeSuite ClearExistingAndSetupFolder -->
  <testcase name="@BeforeClass BeforeTest" time="0.0" classname="Test.CheckoutTest">
    <skipped/>
  </testcase> <!-- @BeforeClass BeforeTest -->
  <testcase name="guestCheckout" time="0.027" classname="Test.CheckoutTest">
    <skipped/>
  </testcase> <!-- guestCheckout -->
</testsuite> <!-- Default test -->
