<?xml version="1.0" encoding="UTF-8"?>
<!-- Generated by org.testng.reporters.JUnitXMLReporter -->
<testsuite hostname="SCI-DT-151" name="Test" tests="1" failures="1" timestamp="28 Jul 2016 12:08:01 GMT" time="0.032" errors="0">
  <testcase name="JobDetailsScrapper" time="0.019" classname="Test.MainClass">
    <failure type="java.lang.NullPointerException">
      <![CDATA[java.lang.NullPointerException
	at Test.MainClass.JobDetailsScrapper(MainClass.java:62)
	at java.util.concurrent.FutureTask$Sync.innerRun(FutureTask.java:334)
	at java.util.concurrent.FutureTask.run(FutureTask.java:166)
	at java.util.concurrent.ThreadPoolExecutor.runWorker(ThreadPoolExecutor.java:1145)
	at java.util.concurrent.ThreadPoolExecutor$Worker.run(ThreadPoolExecutor.java:615)
	at java.lang.Thread.run(Thread.java:724)
... Removed 16 stack frames]]>
    </failure>
  </testcase> <!-- JobDetailsScrapper -->
</testsuite> <!-- Test -->
