<?xml version="1.0" encoding="UTF-8"?>
<!-- Generated by org.testng.reporters.JUnitXMLReporter -->
<testsuite hostname="SCI-DT-70" name="CheckoutTest" tests="1" failures="1" timestamp="22 Dec 2014 11:18:36 GMT" time="0.261" errors="0">
  <testcase name="guestCheckout" time="0.004" classname="Test.CheckoutTest">
    <failure type="java.lang.NullPointerException">
      <![CDATA[java.lang.NullPointerException
	at Test.CheckoutTest.guestCheckout(CheckoutTest.java:51)
	at java.util.concurrent.ThreadPoolExecutor.runWorker(Unknown Source)
	at java.util.concurrent.ThreadPoolExecutor$Worker.run(Unknown Source)
	at java.lang.Thread.run(Unknown Source)
... Removed 10 stack frames]]>
    </failure>
  </testcase> <!-- guestCheckout -->
</testsuite> <!-- CheckoutTest -->
