<?xml version="1.0" encoding="UTF-8"?>
<!-- Generated by org.testng.reporters.JUnitXMLReporter -->
<testsuite hostname="SCI-DT-70" name="BrowseProductAndAddToCartTest_FIREFOX_25" tests="4" failures="0" timestamp="30 Dec 2014 10:13:38 GMT" time="352.509" errors="0">
  <testcase name="BrowseProductAndAddToCart_Test" time="92.925" classname="Test.BrowseProductAndAddToCartTest"/>
  <testcase name="LoginLogut_Test" time="53.88" classname="Test.LoginLogutTest"/>
  <testcase name="Registration_Test" time="51.342" classname="Test.RegistrationTest"/>
  <testcase name="SearchProductAndAddToCart_Test" time="119.953" classname="Test.SearchProductAndAddToCartTest"/>
</testsuite> <!-- BrowseProductAndAddToCartTest_FIREFOX_25 -->
