<?xml version="1.0" encoding="UTF-8"?>
<!-- Generated by org.testng.reporters.JUnitXMLReporter -->
<testsuite hostname="SCI-RENTAL-07" name="LoginLogutTest_Safari" tests="6" failures="0" timestamp="31 Dec 2014 09:08:54 GMT" time="758.773" errors="0">
  <testcase name="BrowseProductAndAddToCart_Test" time="75.851" classname="Test.BrowseProductAndAddToCartTest"/>
  <testcase name="Checkout_As_Guest" time="184.579" classname="Test.GuestCheckout"/>
  <testcase name="LoginLogut_Test" time="52.326" classname="Test.LoginLogutTest"/>
  <testcase name="Registration_Test" time="58.111" classname="Test.RegistrationTest"/>
  <testcase name="Checkout_As_Reg_User" time="177.391" classname="Test.RegUserCheckOut"/>
  <testcase name="SearchProductAndAddToCart_Test" time="138.195" classname="Test.SearchProductAndAddToCartTest"/>
</testsuite> <!-- LoginLogutTest_Safari -->
